[2024-04-14T02:45:06.187+0000] {taskinstance.py:1979} INFO - Dependencies all met for dep_context=non-requeueable deps ti=<TaskInstance: token_refresher_50mins.get_simple_data scheduled__2024-04-13T00:00:00+00:00 [queued]>
[2024-04-14T02:45:06.196+0000] {taskinstance.py:1979} INFO - Dependencies all met for dep_context=requeueable deps ti=<TaskInstance: token_refresher_50mins.get_simple_data scheduled__2024-04-13T00:00:00+00:00 [queued]>
[2024-04-14T02:45:06.200+0000] {taskinstance.py:2193} INFO - Starting attempt 1 of 2
[2024-04-14T02:45:06.249+0000] {taskinstance.py:2217} INFO - Executing <Task(PythonOperator): get_simple_data> on 2024-04-13 00:00:00+00:00
[2024-04-14T02:45:06.254+0000] {standard_task_runner.py:60} INFO - Started process 1197 to run task
[2024-04-14T02:45:06.256+0000] {standard_task_runner.py:87} INFO - Running: ['***', 'tasks', 'run', 'token_refresher_50mins', 'get_simple_data', 'scheduled__2024-04-13T00:00:00+00:00', '--job-id', '196', '--raw', '--subdir', 'DAGS_FOLDER/refresh_token.py', '--cfg-path', '/tmp/tmp29sekfsc']
[2024-04-14T02:45:06.262+0000] {standard_task_runner.py:88} INFO - Job 196: Subtask get_simple_data
[2024-04-14T02:45:06.335+0000] {task_command.py:423} INFO - Running <TaskInstance: token_refresher_50mins.get_simple_data scheduled__2024-04-13T00:00:00+00:00 [running]> on host 209a9ac884b0
[2024-04-14T02:45:06.408+0000] {taskinstance.py:2513} INFO - Exporting env vars: AIRFLOW_CTX_DAG_OWNER='***' AIRFLOW_CTX_DAG_ID='token_refresher_50mins' AIRFLOW_CTX_TASK_ID='get_simple_data' AIRFLOW_CTX_EXECUTION_DATE='2024-04-13T00:00:00+00:00' AIRFLOW_CTX_TRY_NUMBER='1' AIRFLOW_CTX_DAG_RUN_ID='scheduled__2024-04-13T00:00:00+00:00'
[2024-04-14T02:45:06.506+0000] {taskinstance.py:2731} ERROR - Task failed with exception
Traceback (most recent call last):
  File "/home/airflow/.local/lib/python3.8/site-packages/airflow/models/taskinstance.py", line 444, in _execute_task
    result = _execute_callable(context=context, **execute_callable_kwargs)
  File "/home/airflow/.local/lib/python3.8/site-packages/airflow/models/taskinstance.py", line 414, in _execute_callable
    return execute_callable(context=context, **execute_callable_kwargs)
  File "/home/airflow/.local/lib/python3.8/site-packages/airflow/operators/python.py", line 200, in execute
    return_value = self.execute_callable()
  File "/home/airflow/.local/lib/python3.8/site-packages/airflow/operators/python.py", line 217, in execute_callable
    return self.python_callable(*self.op_args, **self.op_kwargs)
  File "/opt/airflow/dags/refresh_token.py", line 74, in get_simple_data
    entries = response.json()["entries"]
KeyError: 'entries'
[2024-04-14T02:45:06.534+0000] {taskinstance.py:1149} INFO - Marking task as UP_FOR_RETRY. dag_id=token_refresher_50mins, task_id=get_simple_data, execution_date=20240413T000000, start_date=20240414T024506, end_date=20240414T024506
[2024-04-14T02:45:06.543+0000] {standard_task_runner.py:107} ERROR - Failed to execute job 196 for task get_simple_data ('entries'; 1197)
[2024-04-14T02:45:06.565+0000] {local_task_job_runner.py:234} INFO - Task exited with return code 1
[2024-04-14T02:45:06.703+0000] {taskinstance.py:3312} INFO - 0 downstream tasks scheduled from follow-on schedule check
[2024-04-14T02:46:21.326+0000] {taskinstance.py:1979} INFO - Dependencies all met for dep_context=non-requeueable deps ti=<TaskInstance: token_refresher_50mins.get_simple_data scheduled__2024-04-13T00:00:00+00:00 [queued]>
[2024-04-14T02:46:21.343+0000] {taskinstance.py:1979} INFO - Dependencies all met for dep_context=requeueable deps ti=<TaskInstance: token_refresher_50mins.get_simple_data scheduled__2024-04-13T00:00:00+00:00 [queued]>
[2024-04-14T02:46:21.346+0000] {taskinstance.py:2193} INFO - Starting attempt 1 of 2
[2024-04-14T02:46:21.361+0000] {taskinstance.py:2217} INFO - Executing <Task(PythonOperator): get_simple_data> on 2024-04-13 00:00:00+00:00
[2024-04-14T02:46:21.368+0000] {standard_task_runner.py:60} INFO - Started process 1287 to run task
[2024-04-14T02:46:21.370+0000] {standard_task_runner.py:87} INFO - Running: ['***', 'tasks', 'run', 'token_refresher_50mins', 'get_simple_data', 'scheduled__2024-04-13T00:00:00+00:00', '--job-id', '229', '--raw', '--subdir', 'DAGS_FOLDER/refresh_token.py', '--cfg-path', '/tmp/tmpc3nig9g7']
[2024-04-14T02:46:21.377+0000] {standard_task_runner.py:88} INFO - Job 229: Subtask get_simple_data
[2024-04-14T02:46:21.424+0000] {task_command.py:423} INFO - Running <TaskInstance: token_refresher_50mins.get_simple_data scheduled__2024-04-13T00:00:00+00:00 [running]> on host 209a9ac884b0
[2024-04-14T02:46:21.494+0000] {taskinstance.py:2513} INFO - Exporting env vars: AIRFLOW_CTX_DAG_OWNER='***' AIRFLOW_CTX_DAG_ID='token_refresher_50mins' AIRFLOW_CTX_TASK_ID='get_simple_data' AIRFLOW_CTX_EXECUTION_DATE='2024-04-13T00:00:00+00:00' AIRFLOW_CTX_TRY_NUMBER='1' AIRFLOW_CTX_DAG_RUN_ID='scheduled__2024-04-13T00:00:00+00:00'
[2024-04-14T02:46:21.510+0000] {refresh_token.py:77} INFO - token: BQAgPT_E8-R0lwMyi7zIY-VY2o-6hLX-vs2tVBCzfY7kTvE_FMonq2r8VEC4BTt4pR-zw6UNhB9dXHvSGL813Abwt9nDUIyH_vhXIkjpQiTTuBFqqHA
[2024-04-14T02:46:21.511+0000] {python.py:202} INFO - Done. Returned value was: None
[2024-04-14T02:46:21.526+0000] {taskinstance.py:1149} INFO - Marking task as SUCCESS. dag_id=token_refresher_50mins, task_id=get_simple_data, execution_date=20240413T000000, start_date=20240414T024621, end_date=20240414T024621
[2024-04-14T02:46:21.601+0000] {local_task_job_runner.py:234} INFO - Task exited with return code 0
[2024-04-14T02:46:21.638+0000] {taskinstance.py:3312} INFO - 0 downstream tasks scheduled from follow-on schedule check
