[2024-04-14T02:45:06.632+0000] {taskinstance.py:1979} INFO - Dependencies all met for dep_context=non-requeueable deps ti=<TaskInstance: token_refresher_50mins.get_simple_data scheduled__2024-04-13T02:30:00+00:00 [queued]>
[2024-04-14T02:45:06.639+0000] {taskinstance.py:1979} INFO - Dependencies all met for dep_context=requeueable deps ti=<TaskInstance: token_refresher_50mins.get_simple_data scheduled__2024-04-13T02:30:00+00:00 [queued]>
[2024-04-14T02:45:06.640+0000] {taskinstance.py:2193} INFO - Starting attempt 1 of 2
[2024-04-14T02:45:06.649+0000] {taskinstance.py:2217} INFO - Executing <Task(PythonOperator): get_simple_data> on 2024-04-13 02:30:00+00:00
[2024-04-14T02:45:06.655+0000] {standard_task_runner.py:60} INFO - Started process 1203 to run task
[2024-04-14T02:45:06.663+0000] {standard_task_runner.py:87} INFO - Running: ['***', 'tasks', 'run', 'token_refresher_50mins', 'get_simple_data', 'scheduled__2024-04-13T02:30:00+00:00', '--job-id', '200', '--raw', '--subdir', 'DAGS_FOLDER/refresh_token.py', '--cfg-path', '/tmp/tmpy1vggbjt']
[2024-04-14T02:45:06.664+0000] {standard_task_runner.py:88} INFO - Job 200: Subtask get_simple_data
[2024-04-14T02:45:06.713+0000] {task_command.py:423} INFO - Running <TaskInstance: token_refresher_50mins.get_simple_data scheduled__2024-04-13T02:30:00+00:00 [running]> on host 209a9ac884b0
[2024-04-14T02:45:06.784+0000] {taskinstance.py:2513} INFO - Exporting env vars: AIRFLOW_CTX_DAG_OWNER='***' AIRFLOW_CTX_DAG_ID='token_refresher_50mins' AIRFLOW_CTX_TASK_ID='get_simple_data' AIRFLOW_CTX_EXECUTION_DATE='2024-04-13T02:30:00+00:00' AIRFLOW_CTX_TRY_NUMBER='1' AIRFLOW_CTX_DAG_RUN_ID='scheduled__2024-04-13T02:30:00+00:00'
[2024-04-14T02:45:06.858+0000] {taskinstance.py:2731} ERROR - Task failed with exception
Traceback (most recent call last):
  File "/home/airflow/.local/lib/python3.8/site-packages/airflow/models/taskinstance.py", line 444, in _execute_task
    result = _execute_callable(context=context, **execute_callable_kwargs)
  File "/home/airflow/.local/lib/python3.8/site-packages/airflow/models/taskinstance.py", line 414, in _execute_callable
    return execute_callable(context=context, **execute_callable_kwargs)
  File "/home/airflow/.local/lib/python3.8/site-packages/airflow/operators/python.py", line 200, in execute
    return_value = self.execute_callable()
  File "/home/airflow/.local/lib/python3.8/site-packages/airflow/operators/python.py", line 217, in execute_callable
    return self.python_callable(*self.op_args, **self.op_kwargs)
  File "/opt/airflow/dags/refresh_token.py", line 74, in get_simple_data
    entries = response.json()["entries"]
KeyError: 'entries'
[2024-04-14T02:45:06.866+0000] {taskinstance.py:1149} INFO - Marking task as UP_FOR_RETRY. dag_id=token_refresher_50mins, task_id=get_simple_data, execution_date=20240413T023000, start_date=20240414T024506, end_date=20240414T024506
[2024-04-14T02:45:06.872+0000] {standard_task_runner.py:107} ERROR - Failed to execute job 200 for task get_simple_data ('entries'; 1203)
[2024-04-14T02:45:06.883+0000] {local_task_job_runner.py:234} INFO - Task exited with return code 1
[2024-04-14T02:45:06.895+0000] {taskinstance.py:3312} INFO - 0 downstream tasks scheduled from follow-on schedule check
[2024-04-14T02:46:22.060+0000] {taskinstance.py:1979} INFO - Dependencies all met for dep_context=non-requeueable deps ti=<TaskInstance: token_refresher_50mins.get_simple_data scheduled__2024-04-13T02:30:00+00:00 [queued]>
[2024-04-14T02:46:22.074+0000] {taskinstance.py:1979} INFO - Dependencies all met for dep_context=requeueable deps ti=<TaskInstance: token_refresher_50mins.get_simple_data scheduled__2024-04-13T02:30:00+00:00 [queued]>
[2024-04-14T02:46:22.075+0000] {taskinstance.py:2193} INFO - Starting attempt 1 of 2
[2024-04-14T02:46:22.090+0000] {taskinstance.py:2217} INFO - Executing <Task(PythonOperator): get_simple_data> on 2024-04-13 02:30:00+00:00
[2024-04-14T02:46:22.095+0000] {standard_task_runner.py:60} INFO - Started process 1299 to run task
[2024-04-14T02:46:22.099+0000] {standard_task_runner.py:87} INFO - Running: ['***', 'tasks', 'run', 'token_refresher_50mins', 'get_simple_data', 'scheduled__2024-04-13T02:30:00+00:00', '--job-id', '236', '--raw', '--subdir', 'DAGS_FOLDER/refresh_token.py', '--cfg-path', '/tmp/tmpzwx93t1i']
[2024-04-14T02:46:22.103+0000] {standard_task_runner.py:88} INFO - Job 236: Subtask get_simple_data
[2024-04-14T02:46:22.186+0000] {task_command.py:423} INFO - Running <TaskInstance: token_refresher_50mins.get_simple_data scheduled__2024-04-13T02:30:00+00:00 [running]> on host 209a9ac884b0
[2024-04-14T02:46:22.301+0000] {taskinstance.py:2513} INFO - Exporting env vars: AIRFLOW_CTX_DAG_OWNER='***' AIRFLOW_CTX_DAG_ID='token_refresher_50mins' AIRFLOW_CTX_TASK_ID='get_simple_data' AIRFLOW_CTX_EXECUTION_DATE='2024-04-13T02:30:00+00:00' AIRFLOW_CTX_TRY_NUMBER='1' AIRFLOW_CTX_DAG_RUN_ID='scheduled__2024-04-13T02:30:00+00:00'
[2024-04-14T02:46:22.320+0000] {refresh_token.py:77} INFO - token: BQD4f4XcHlWhucbOBoHZzFgaoUSTFKAn1wD6px4PM7_mmDWuN_x-py-eiPHqbzEqvHQxRaFn-XKMEUd5bl-b22EbSY75qTcgbkg3pVWYOVU8riRg1dw
[2024-04-14T02:46:22.322+0000] {python.py:202} INFO - Done. Returned value was: None
[2024-04-14T02:46:22.333+0000] {taskinstance.py:1149} INFO - Marking task as SUCCESS. dag_id=token_refresher_50mins, task_id=get_simple_data, execution_date=20240413T023000, start_date=20240414T024622, end_date=20240414T024622
[2024-04-14T02:46:22.365+0000] {local_task_job_runner.py:234} INFO - Task exited with return code 0
[2024-04-14T02:46:22.386+0000] {taskinstance.py:3312} INFO - 0 downstream tasks scheduled from follow-on schedule check
