[2024-04-14T02:45:06.717+0000] {taskinstance.py:1979} INFO - Dependencies all met for dep_context=non-requeueable deps ti=<TaskInstance: token_refresher_50mins.get_simple_data scheduled__2024-04-13T03:20:00+00:00 [queued]>
[2024-04-14T02:45:06.724+0000] {taskinstance.py:1979} INFO - Dependencies all met for dep_context=requeueable deps ti=<TaskInstance: token_refresher_50mins.get_simple_data scheduled__2024-04-13T03:20:00+00:00 [queued]>
[2024-04-14T02:45:06.725+0000] {taskinstance.py:2193} INFO - Starting attempt 1 of 2
[2024-04-14T02:45:06.737+0000] {taskinstance.py:2217} INFO - Executing <Task(PythonOperator): get_simple_data> on 2024-04-13 03:20:00+00:00
[2024-04-14T02:45:06.747+0000] {standard_task_runner.py:60} INFO - Started process 1207 to run task
[2024-04-14T02:45:06.752+0000] {standard_task_runner.py:87} INFO - Running: ['***', 'tasks', 'run', 'token_refresher_50mins', 'get_simple_data', 'scheduled__2024-04-13T03:20:00+00:00', '--job-id', '202', '--raw', '--subdir', 'DAGS_FOLDER/refresh_token.py', '--cfg-path', '/tmp/tmp4gjdr_17']
[2024-04-14T02:45:06.754+0000] {standard_task_runner.py:88} INFO - Job 202: Subtask get_simple_data
[2024-04-14T02:45:06.801+0000] {task_command.py:423} INFO - Running <TaskInstance: token_refresher_50mins.get_simple_data scheduled__2024-04-13T03:20:00+00:00 [running]> on host 209a9ac884b0
[2024-04-14T02:45:06.854+0000] {taskinstance.py:2513} INFO - Exporting env vars: AIRFLOW_CTX_DAG_OWNER='***' AIRFLOW_CTX_DAG_ID='token_refresher_50mins' AIRFLOW_CTX_TASK_ID='get_simple_data' AIRFLOW_CTX_EXECUTION_DATE='2024-04-13T03:20:00+00:00' AIRFLOW_CTX_TRY_NUMBER='1' AIRFLOW_CTX_DAG_RUN_ID='scheduled__2024-04-13T03:20:00+00:00'
[2024-04-14T02:45:06.913+0000] {taskinstance.py:2731} ERROR - Task failed with exception
Traceback (most recent call last):
  File "/home/airflow/.local/lib/python3.8/site-packages/airflow/models/taskinstance.py", line 444, in _execute_task
    result = _execute_callable(context=context, **execute_callable_kwargs)
  File "/home/airflow/.local/lib/python3.8/site-packages/airflow/models/taskinstance.py", line 414, in _execute_callable
    return execute_callable(context=context, **execute_callable_kwargs)
  File "/home/airflow/.local/lib/python3.8/site-packages/airflow/operators/python.py", line 200, in execute
    return_value = self.execute_callable()
  File "/home/airflow/.local/lib/python3.8/site-packages/airflow/operators/python.py", line 217, in execute_callable
    return self.python_callable(*self.op_args, **self.op_kwargs)
  File "/opt/airflow/dags/refresh_token.py", line 74, in get_simple_data
    entries = response.json()["entries"]
KeyError: 'entries'
[2024-04-14T02:45:06.921+0000] {taskinstance.py:1149} INFO - Marking task as UP_FOR_RETRY. dag_id=token_refresher_50mins, task_id=get_simple_data, execution_date=20240413T032000, start_date=20240414T024506, end_date=20240414T024506
[2024-04-14T02:45:06.930+0000] {standard_task_runner.py:107} ERROR - Failed to execute job 202 for task get_simple_data ('entries'; 1207)
[2024-04-14T02:45:06.977+0000] {local_task_job_runner.py:234} INFO - Task exited with return code 1
[2024-04-14T02:45:06.988+0000] {taskinstance.py:3312} INFO - 0 downstream tasks scheduled from follow-on schedule check
[2024-04-14T02:46:21.925+0000] {taskinstance.py:1979} INFO - Dependencies all met for dep_context=non-requeueable deps ti=<TaskInstance: token_refresher_50mins.get_simple_data scheduled__2024-04-13T03:20:00+00:00 [queued]>
[2024-04-14T02:46:21.940+0000] {taskinstance.py:1979} INFO - Dependencies all met for dep_context=requeueable deps ti=<TaskInstance: token_refresher_50mins.get_simple_data scheduled__2024-04-13T03:20:00+00:00 [queued]>
[2024-04-14T02:46:21.942+0000] {taskinstance.py:2193} INFO - Starting attempt 1 of 2
[2024-04-14T02:46:21.969+0000] {taskinstance.py:2217} INFO - Executing <Task(PythonOperator): get_simple_data> on 2024-04-13 03:20:00+00:00
[2024-04-14T02:46:21.975+0000] {standard_task_runner.py:60} INFO - Started process 1298 to run task
[2024-04-14T02:46:21.987+0000] {standard_task_runner.py:87} INFO - Running: ['***', 'tasks', 'run', 'token_refresher_50mins', 'get_simple_data', 'scheduled__2024-04-13T03:20:00+00:00', '--job-id', '235', '--raw', '--subdir', 'DAGS_FOLDER/refresh_token.py', '--cfg-path', '/tmp/tmp3ssq8czy']
[2024-04-14T02:46:21.997+0000] {standard_task_runner.py:88} INFO - Job 235: Subtask get_simple_data
[2024-04-14T02:46:22.061+0000] {task_command.py:423} INFO - Running <TaskInstance: token_refresher_50mins.get_simple_data scheduled__2024-04-13T03:20:00+00:00 [running]> on host 209a9ac884b0
[2024-04-14T02:46:22.166+0000] {taskinstance.py:2513} INFO - Exporting env vars: AIRFLOW_CTX_DAG_OWNER='***' AIRFLOW_CTX_DAG_ID='token_refresher_50mins' AIRFLOW_CTX_TASK_ID='get_simple_data' AIRFLOW_CTX_EXECUTION_DATE='2024-04-13T03:20:00+00:00' AIRFLOW_CTX_TRY_NUMBER='1' AIRFLOW_CTX_DAG_RUN_ID='scheduled__2024-04-13T03:20:00+00:00'
[2024-04-14T02:46:22.177+0000] {refresh_token.py:77} INFO - token: BQDSkv-gKE7FupoWW-cdYoQc8r0lDpTwLh83DtWrgDo7mh3x4ceIXMST1KmSegg5MJv-hIaFAbrNMn-jcwVCp6ZDIP3GWFqCeSY5Q7bg0s5GwtggEEA
[2024-04-14T02:46:22.178+0000] {python.py:202} INFO - Done. Returned value was: None
[2024-04-14T02:46:22.191+0000] {taskinstance.py:1149} INFO - Marking task as SUCCESS. dag_id=token_refresher_50mins, task_id=get_simple_data, execution_date=20240413T032000, start_date=20240414T024621, end_date=20240414T024622
[2024-04-14T02:46:22.248+0000] {local_task_job_runner.py:234} INFO - Task exited with return code 0
[2024-04-14T02:46:22.264+0000] {taskinstance.py:3312} INFO - 0 downstream tasks scheduled from follow-on schedule check
