[2024-04-14T02:45:07.635+0000] {taskinstance.py:1979} INFO - Dependencies all met for dep_context=non-requeueable deps ti=<TaskInstance: token_refresher_50mins.get_simple_data scheduled__2024-04-13T08:20:00+00:00 [queued]>
[2024-04-14T02:45:07.641+0000] {taskinstance.py:1979} INFO - Dependencies all met for dep_context=requeueable deps ti=<TaskInstance: token_refresher_50mins.get_simple_data scheduled__2024-04-13T08:20:00+00:00 [queued]>
[2024-04-14T02:45:07.641+0000] {taskinstance.py:2193} INFO - Starting attempt 1 of 2
[2024-04-14T02:45:07.650+0000] {taskinstance.py:2217} INFO - Executing <Task(PythonOperator): get_simple_data> on 2024-04-13 08:20:00+00:00
[2024-04-14T02:45:07.653+0000] {standard_task_runner.py:60} INFO - Started process 1227 to run task
[2024-04-14T02:45:07.656+0000] {standard_task_runner.py:87} INFO - Running: ['***', 'tasks', 'run', 'token_refresher_50mins', 'get_simple_data', 'scheduled__2024-04-13T08:20:00+00:00', '--job-id', '213', '--raw', '--subdir', 'DAGS_FOLDER/refresh_token.py', '--cfg-path', '/tmp/tmpzvzyr6vt']
[2024-04-14T02:45:07.657+0000] {standard_task_runner.py:88} INFO - Job 213: Subtask get_simple_data
[2024-04-14T02:45:07.691+0000] {task_command.py:423} INFO - Running <TaskInstance: token_refresher_50mins.get_simple_data scheduled__2024-04-13T08:20:00+00:00 [running]> on host 209a9ac884b0
[2024-04-14T02:45:07.741+0000] {taskinstance.py:2513} INFO - Exporting env vars: AIRFLOW_CTX_DAG_OWNER='***' AIRFLOW_CTX_DAG_ID='token_refresher_50mins' AIRFLOW_CTX_TASK_ID='get_simple_data' AIRFLOW_CTX_EXECUTION_DATE='2024-04-13T08:20:00+00:00' AIRFLOW_CTX_TRY_NUMBER='1' AIRFLOW_CTX_DAG_RUN_ID='scheduled__2024-04-13T08:20:00+00:00'
[2024-04-14T02:45:07.799+0000] {taskinstance.py:2731} ERROR - Task failed with exception
Traceback (most recent call last):
  File "/home/airflow/.local/lib/python3.8/site-packages/airflow/models/taskinstance.py", line 444, in _execute_task
    result = _execute_callable(context=context, **execute_callable_kwargs)
  File "/home/airflow/.local/lib/python3.8/site-packages/airflow/models/taskinstance.py", line 414, in _execute_callable
    return execute_callable(context=context, **execute_callable_kwargs)
  File "/home/airflow/.local/lib/python3.8/site-packages/airflow/operators/python.py", line 200, in execute
    return_value = self.execute_callable()
  File "/home/airflow/.local/lib/python3.8/site-packages/airflow/operators/python.py", line 217, in execute_callable
    return self.python_callable(*self.op_args, **self.op_kwargs)
  File "/opt/airflow/dags/refresh_token.py", line 74, in get_simple_data
    entries = response.json()["entries"]
KeyError: 'entries'
[2024-04-14T02:45:07.805+0000] {taskinstance.py:1149} INFO - Marking task as UP_FOR_RETRY. dag_id=token_refresher_50mins, task_id=get_simple_data, execution_date=20240413T082000, start_date=20240414T024507, end_date=20240414T024507
[2024-04-14T02:45:07.812+0000] {standard_task_runner.py:107} ERROR - Failed to execute job 213 for task get_simple_data ('entries'; 1227)
[2024-04-14T02:45:07.838+0000] {local_task_job_runner.py:234} INFO - Task exited with return code 1
[2024-04-14T02:45:07.850+0000] {taskinstance.py:3312} INFO - 0 downstream tasks scheduled from follow-on schedule check
[2024-04-14T02:46:23.597+0000] {taskinstance.py:1979} INFO - Dependencies all met for dep_context=non-requeueable deps ti=<TaskInstance: token_refresher_50mins.get_simple_data scheduled__2024-04-13T08:20:00+00:00 [queued]>
[2024-04-14T02:46:23.606+0000] {taskinstance.py:1979} INFO - Dependencies all met for dep_context=requeueable deps ti=<TaskInstance: token_refresher_50mins.get_simple_data scheduled__2024-04-13T08:20:00+00:00 [queued]>
[2024-04-14T02:46:23.606+0000] {taskinstance.py:2193} INFO - Starting attempt 1 of 2
[2024-04-14T02:46:23.621+0000] {taskinstance.py:2217} INFO - Executing <Task(PythonOperator): get_simple_data> on 2024-04-13 08:20:00+00:00
[2024-04-14T02:46:23.626+0000] {standard_task_runner.py:60} INFO - Started process 1310 to run task
[2024-04-14T02:46:23.636+0000] {standard_task_runner.py:87} INFO - Running: ['***', 'tasks', 'run', 'token_refresher_50mins', 'get_simple_data', 'scheduled__2024-04-13T08:20:00+00:00', '--job-id', '242', '--raw', '--subdir', 'DAGS_FOLDER/refresh_token.py', '--cfg-path', '/tmp/tmpbiplzd4r']
[2024-04-14T02:46:23.638+0000] {standard_task_runner.py:88} INFO - Job 242: Subtask get_simple_data
[2024-04-14T02:46:23.748+0000] {task_command.py:423} INFO - Running <TaskInstance: token_refresher_50mins.get_simple_data scheduled__2024-04-13T08:20:00+00:00 [running]> on host 209a9ac884b0
[2024-04-14T02:46:23.925+0000] {taskinstance.py:2513} INFO - Exporting env vars: AIRFLOW_CTX_DAG_OWNER='***' AIRFLOW_CTX_DAG_ID='token_refresher_50mins' AIRFLOW_CTX_TASK_ID='get_simple_data' AIRFLOW_CTX_EXECUTION_DATE='2024-04-13T08:20:00+00:00' AIRFLOW_CTX_TRY_NUMBER='1' AIRFLOW_CTX_DAG_RUN_ID='scheduled__2024-04-13T08:20:00+00:00'
[2024-04-14T02:46:23.943+0000] {refresh_token.py:77} INFO - token: BQDMACjBxfECHtN6Sr9dsRVBNgadOzAsWcve8XqjJHhf9bcQsyb0_AL_fh8AbW-o9F-NeHkXcFocoMuDNDnbY7LpY__n6NtqX0YU-ct-9YCe_80Q_7g
[2024-04-14T02:46:23.944+0000] {python.py:202} INFO - Done. Returned value was: None
[2024-04-14T02:46:23.954+0000] {taskinstance.py:1149} INFO - Marking task as SUCCESS. dag_id=token_refresher_50mins, task_id=get_simple_data, execution_date=20240413T082000, start_date=20240414T024623, end_date=20240414T024623
[2024-04-14T02:46:24.001+0000] {local_task_job_runner.py:234} INFO - Task exited with return code 0
[2024-04-14T02:46:24.031+0000] {taskinstance.py:3312} INFO - 0 downstream tasks scheduled from follow-on schedule check
