[2024-04-14T02:45:06.943+0000] {taskinstance.py:1979} INFO - Dependencies all met for dep_context=non-requeueable deps ti=<TaskInstance: token_refresher_50mins.get_simple_data scheduled__2024-04-13T04:10:00+00:00 [queued]>
[2024-04-14T02:45:06.952+0000] {taskinstance.py:1979} INFO - Dependencies all met for dep_context=requeueable deps ti=<TaskInstance: token_refresher_50mins.get_simple_data scheduled__2024-04-13T04:10:00+00:00 [queued]>
[2024-04-14T02:45:06.952+0000] {taskinstance.py:2193} INFO - Starting attempt 1 of 2
[2024-04-14T02:45:06.966+0000] {taskinstance.py:2217} INFO - Executing <Task(PythonOperator): get_simple_data> on 2024-04-13 04:10:00+00:00
[2024-04-14T02:45:06.972+0000] {standard_task_runner.py:60} INFO - Started process 1212 to run task
[2024-04-14T02:45:06.974+0000] {standard_task_runner.py:87} INFO - Running: ['***', 'tasks', 'run', 'token_refresher_50mins', 'get_simple_data', 'scheduled__2024-04-13T04:10:00+00:00', '--job-id', '203', '--raw', '--subdir', 'DAGS_FOLDER/refresh_token.py', '--cfg-path', '/tmp/tmp54k380nv']
[2024-04-14T02:45:06.975+0000] {standard_task_runner.py:88} INFO - Job 203: Subtask get_simple_data
[2024-04-14T02:45:07.017+0000] {task_command.py:423} INFO - Running <TaskInstance: token_refresher_50mins.get_simple_data scheduled__2024-04-13T04:10:00+00:00 [running]> on host 209a9ac884b0
[2024-04-14T02:45:07.066+0000] {taskinstance.py:2513} INFO - Exporting env vars: AIRFLOW_CTX_DAG_OWNER='***' AIRFLOW_CTX_DAG_ID='token_refresher_50mins' AIRFLOW_CTX_TASK_ID='get_simple_data' AIRFLOW_CTX_EXECUTION_DATE='2024-04-13T04:10:00+00:00' AIRFLOW_CTX_TRY_NUMBER='1' AIRFLOW_CTX_DAG_RUN_ID='scheduled__2024-04-13T04:10:00+00:00'
[2024-04-14T02:45:07.138+0000] {taskinstance.py:2731} ERROR - Task failed with exception
Traceback (most recent call last):
  File "/home/airflow/.local/lib/python3.8/site-packages/airflow/models/taskinstance.py", line 444, in _execute_task
    result = _execute_callable(context=context, **execute_callable_kwargs)
  File "/home/airflow/.local/lib/python3.8/site-packages/airflow/models/taskinstance.py", line 414, in _execute_callable
    return execute_callable(context=context, **execute_callable_kwargs)
  File "/home/airflow/.local/lib/python3.8/site-packages/airflow/operators/python.py", line 200, in execute
    return_value = self.execute_callable()
  File "/home/airflow/.local/lib/python3.8/site-packages/airflow/operators/python.py", line 217, in execute_callable
    return self.python_callable(*self.op_args, **self.op_kwargs)
  File "/opt/airflow/dags/refresh_token.py", line 74, in get_simple_data
    entries = response.json()["entries"]
KeyError: 'entries'
[2024-04-14T02:45:07.149+0000] {taskinstance.py:1149} INFO - Marking task as UP_FOR_RETRY. dag_id=token_refresher_50mins, task_id=get_simple_data, execution_date=20240413T041000, start_date=20240414T024506, end_date=20240414T024507
[2024-04-14T02:45:07.166+0000] {standard_task_runner.py:107} ERROR - Failed to execute job 203 for task get_simple_data ('entries'; 1212)
[2024-04-14T02:45:07.196+0000] {local_task_job_runner.py:234} INFO - Task exited with return code 1
[2024-04-14T02:45:07.219+0000] {taskinstance.py:3312} INFO - 0 downstream tasks scheduled from follow-on schedule check
[2024-04-14T02:46:22.222+0000] {taskinstance.py:1979} INFO - Dependencies all met for dep_context=non-requeueable deps ti=<TaskInstance: token_refresher_50mins.get_simple_data scheduled__2024-04-13T04:10:00+00:00 [queued]>
[2024-04-14T02:46:22.230+0000] {taskinstance.py:1979} INFO - Dependencies all met for dep_context=requeueable deps ti=<TaskInstance: token_refresher_50mins.get_simple_data scheduled__2024-04-13T04:10:00+00:00 [queued]>
[2024-04-14T02:46:22.231+0000] {taskinstance.py:2193} INFO - Starting attempt 1 of 2
[2024-04-14T02:46:22.242+0000] {taskinstance.py:2217} INFO - Executing <Task(PythonOperator): get_simple_data> on 2024-04-13 04:10:00+00:00
[2024-04-14T02:46:22.247+0000] {standard_task_runner.py:60} INFO - Started process 1301 to run task
[2024-04-14T02:46:22.257+0000] {standard_task_runner.py:87} INFO - Running: ['***', 'tasks', 'run', 'token_refresher_50mins', 'get_simple_data', 'scheduled__2024-04-13T04:10:00+00:00', '--job-id', '239', '--raw', '--subdir', 'DAGS_FOLDER/refresh_token.py', '--cfg-path', '/tmp/tmpumkeys3z']
[2024-04-14T02:46:22.260+0000] {standard_task_runner.py:88} INFO - Job 239: Subtask get_simple_data
[2024-04-14T02:46:22.320+0000] {task_command.py:423} INFO - Running <TaskInstance: token_refresher_50mins.get_simple_data scheduled__2024-04-13T04:10:00+00:00 [running]> on host 209a9ac884b0
[2024-04-14T02:46:22.428+0000] {taskinstance.py:2513} INFO - Exporting env vars: AIRFLOW_CTX_DAG_OWNER='***' AIRFLOW_CTX_DAG_ID='token_refresher_50mins' AIRFLOW_CTX_TASK_ID='get_simple_data' AIRFLOW_CTX_EXECUTION_DATE='2024-04-13T04:10:00+00:00' AIRFLOW_CTX_TRY_NUMBER='1' AIRFLOW_CTX_DAG_RUN_ID='scheduled__2024-04-13T04:10:00+00:00'
[2024-04-14T02:46:22.481+0000] {refresh_token.py:77} INFO - token: BQBl-1l-zoW4mNvsyo505-TRfai0UM5fiUT-JUK1I5d-xKV4U31irVVcWfLLZJlR0VlATqPS9HGnLriWGedMg7K3AiARGFa2B8Wo1BRNd0ytmRuNswI
[2024-04-14T02:46:22.484+0000] {python.py:202} INFO - Done. Returned value was: None
[2024-04-14T02:46:22.503+0000] {taskinstance.py:1149} INFO - Marking task as SUCCESS. dag_id=token_refresher_50mins, task_id=get_simple_data, execution_date=20240413T041000, start_date=20240414T024622, end_date=20240414T024622
[2024-04-14T02:46:22.568+0000] {local_task_job_runner.py:234} INFO - Task exited with return code 0
[2024-04-14T02:46:22.583+0000] {taskinstance.py:3312} INFO - 0 downstream tasks scheduled from follow-on schedule check
