[2024-04-14T02:45:07.975+0000] {taskinstance.py:1979} INFO - Dependencies all met for dep_context=non-requeueable deps ti=<TaskInstance: token_refresher_50mins.get_simple_data scheduled__2024-04-13T10:50:00+00:00 [queued]>
[2024-04-14T02:45:07.980+0000] {taskinstance.py:1979} INFO - Dependencies all met for dep_context=requeueable deps ti=<TaskInstance: token_refresher_50mins.get_simple_data scheduled__2024-04-13T10:50:00+00:00 [queued]>
[2024-04-14T02:45:07.980+0000] {taskinstance.py:2193} INFO - Starting attempt 1 of 2
[2024-04-14T02:45:07.988+0000] {taskinstance.py:2217} INFO - Executing <Task(PythonOperator): get_simple_data> on 2024-04-13 10:50:00+00:00
[2024-04-14T02:45:07.993+0000] {standard_task_runner.py:60} INFO - Started process 1235 to run task
[2024-04-14T02:45:07.996+0000] {standard_task_runner.py:87} INFO - Running: ['***', 'tasks', 'run', 'token_refresher_50mins', 'get_simple_data', 'scheduled__2024-04-13T10:50:00+00:00', '--job-id', '216', '--raw', '--subdir', 'DAGS_FOLDER/refresh_token.py', '--cfg-path', '/tmp/tmp1lmmytp9']
[2024-04-14T02:45:07.998+0000] {standard_task_runner.py:88} INFO - Job 216: Subtask get_simple_data
[2024-04-14T02:45:08.032+0000] {task_command.py:423} INFO - Running <TaskInstance: token_refresher_50mins.get_simple_data scheduled__2024-04-13T10:50:00+00:00 [running]> on host 209a9ac884b0
[2024-04-14T02:45:08.067+0000] {taskinstance.py:2513} INFO - Exporting env vars: AIRFLOW_CTX_DAG_OWNER='***' AIRFLOW_CTX_DAG_ID='token_refresher_50mins' AIRFLOW_CTX_TASK_ID='get_simple_data' AIRFLOW_CTX_EXECUTION_DATE='2024-04-13T10:50:00+00:00' AIRFLOW_CTX_TRY_NUMBER='1' AIRFLOW_CTX_DAG_RUN_ID='scheduled__2024-04-13T10:50:00+00:00'
[2024-04-14T02:45:08.122+0000] {taskinstance.py:2731} ERROR - Task failed with exception
Traceback (most recent call last):
  File "/home/airflow/.local/lib/python3.8/site-packages/airflow/models/taskinstance.py", line 444, in _execute_task
    result = _execute_callable(context=context, **execute_callable_kwargs)
  File "/home/airflow/.local/lib/python3.8/site-packages/airflow/models/taskinstance.py", line 414, in _execute_callable
    return execute_callable(context=context, **execute_callable_kwargs)
  File "/home/airflow/.local/lib/python3.8/site-packages/airflow/operators/python.py", line 200, in execute
    return_value = self.execute_callable()
  File "/home/airflow/.local/lib/python3.8/site-packages/airflow/operators/python.py", line 217, in execute_callable
    return self.python_callable(*self.op_args, **self.op_kwargs)
  File "/opt/airflow/dags/refresh_token.py", line 74, in get_simple_data
    entries = response.json()["entries"]
KeyError: 'entries'
[2024-04-14T02:45:08.126+0000] {taskinstance.py:1149} INFO - Marking task as UP_FOR_RETRY. dag_id=token_refresher_50mins, task_id=get_simple_data, execution_date=20240413T105000, start_date=20240414T024507, end_date=20240414T024508
[2024-04-14T02:45:08.132+0000] {standard_task_runner.py:107} ERROR - Failed to execute job 216 for task get_simple_data ('entries'; 1235)
[2024-04-14T02:45:08.176+0000] {local_task_job_runner.py:234} INFO - Task exited with return code 1
[2024-04-14T02:45:08.201+0000] {taskinstance.py:3312} INFO - 0 downstream tasks scheduled from follow-on schedule check
[2024-04-14T02:46:26.724+0000] {taskinstance.py:1979} INFO - Dependencies all met for dep_context=non-requeueable deps ti=<TaskInstance: token_refresher_50mins.get_simple_data scheduled__2024-04-13T10:50:00+00:00 [queued]>
[2024-04-14T02:46:26.731+0000] {taskinstance.py:1979} INFO - Dependencies all met for dep_context=requeueable deps ti=<TaskInstance: token_refresher_50mins.get_simple_data scheduled__2024-04-13T10:50:00+00:00 [queued]>
[2024-04-14T02:46:26.733+0000] {taskinstance.py:2193} INFO - Starting attempt 1 of 2
[2024-04-14T02:46:26.756+0000] {taskinstance.py:2217} INFO - Executing <Task(PythonOperator): get_simple_data> on 2024-04-13 10:50:00+00:00
[2024-04-14T02:46:26.760+0000] {standard_task_runner.py:60} INFO - Started process 1339 to run task
[2024-04-14T02:46:26.763+0000] {standard_task_runner.py:87} INFO - Running: ['***', 'tasks', 'run', 'token_refresher_50mins', 'get_simple_data', 'scheduled__2024-04-13T10:50:00+00:00', '--job-id', '255', '--raw', '--subdir', 'DAGS_FOLDER/refresh_token.py', '--cfg-path', '/tmp/tmpyob40ztl']
[2024-04-14T02:46:26.766+0000] {standard_task_runner.py:88} INFO - Job 255: Subtask get_simple_data
[2024-04-14T02:46:26.841+0000] {task_command.py:423} INFO - Running <TaskInstance: token_refresher_50mins.get_simple_data scheduled__2024-04-13T10:50:00+00:00 [running]> on host 209a9ac884b0
[2024-04-14T02:46:26.945+0000] {taskinstance.py:2513} INFO - Exporting env vars: AIRFLOW_CTX_DAG_OWNER='***' AIRFLOW_CTX_DAG_ID='token_refresher_50mins' AIRFLOW_CTX_TASK_ID='get_simple_data' AIRFLOW_CTX_EXECUTION_DATE='2024-04-13T10:50:00+00:00' AIRFLOW_CTX_TRY_NUMBER='1' AIRFLOW_CTX_DAG_RUN_ID='scheduled__2024-04-13T10:50:00+00:00'
[2024-04-14T02:46:26.955+0000] {refresh_token.py:77} INFO - token: BQDDW7AyjXNEq13eCy4RpuJIbuVThQ6CcsVz5DX8hzlIEfHxvuR-eU2XEZauTioQrPzeEloW0pWvpzAUJI8h9GSoHM0jBgMKOBxHJnay_JihGDcYtyI
[2024-04-14T02:46:26.956+0000] {python.py:202} INFO - Done. Returned value was: None
[2024-04-14T02:46:26.970+0000] {taskinstance.py:1149} INFO - Marking task as SUCCESS. dag_id=token_refresher_50mins, task_id=get_simple_data, execution_date=20240413T105000, start_date=20240414T024626, end_date=20240414T024626
[2024-04-14T02:46:27.035+0000] {local_task_job_runner.py:234} INFO - Task exited with return code 0
[2024-04-14T02:46:27.090+0000] {taskinstance.py:3312} INFO - 0 downstream tasks scheduled from follow-on schedule check
