[2024-04-14T02:45:08.119+0000] {taskinstance.py:1979} INFO - Dependencies all met for dep_context=non-requeueable deps ti=<TaskInstance: token_refresher_50mins.get_simple_data scheduled__2024-04-13T11:40:00+00:00 [queued]>
[2024-04-14T02:45:08.123+0000] {taskinstance.py:1979} INFO - Dependencies all met for dep_context=requeueable deps ti=<TaskInstance: token_refresher_50mins.get_simple_data scheduled__2024-04-13T11:40:00+00:00 [queued]>
[2024-04-14T02:45:08.123+0000] {taskinstance.py:2193} INFO - Starting attempt 1 of 2
[2024-04-14T02:45:08.129+0000] {taskinstance.py:2217} INFO - Executing <Task(PythonOperator): get_simple_data> on 2024-04-13 11:40:00+00:00
[2024-04-14T02:45:08.131+0000] {standard_task_runner.py:60} INFO - Started process 1237 to run task
[2024-04-14T02:45:08.133+0000] {standard_task_runner.py:87} INFO - Running: ['***', 'tasks', 'run', 'token_refresher_50mins', 'get_simple_data', 'scheduled__2024-04-13T11:40:00+00:00', '--job-id', '218', '--raw', '--subdir', 'DAGS_FOLDER/refresh_token.py', '--cfg-path', '/tmp/tmppguy8rr0']
[2024-04-14T02:45:08.133+0000] {standard_task_runner.py:88} INFO - Job 218: Subtask get_simple_data
[2024-04-14T02:45:08.153+0000] {task_command.py:423} INFO - Running <TaskInstance: token_refresher_50mins.get_simple_data scheduled__2024-04-13T11:40:00+00:00 [running]> on host 209a9ac884b0
[2024-04-14T02:45:08.193+0000] {taskinstance.py:2513} INFO - Exporting env vars: AIRFLOW_CTX_DAG_OWNER='***' AIRFLOW_CTX_DAG_ID='token_refresher_50mins' AIRFLOW_CTX_TASK_ID='get_simple_data' AIRFLOW_CTX_EXECUTION_DATE='2024-04-13T11:40:00+00:00' AIRFLOW_CTX_TRY_NUMBER='1' AIRFLOW_CTX_DAG_RUN_ID='scheduled__2024-04-13T11:40:00+00:00'
[2024-04-14T02:45:08.291+0000] {taskinstance.py:2731} ERROR - Task failed with exception
Traceback (most recent call last):
  File "/home/airflow/.local/lib/python3.8/site-packages/airflow/models/taskinstance.py", line 444, in _execute_task
    result = _execute_callable(context=context, **execute_callable_kwargs)
  File "/home/airflow/.local/lib/python3.8/site-packages/airflow/models/taskinstance.py", line 414, in _execute_callable
    return execute_callable(context=context, **execute_callable_kwargs)
  File "/home/airflow/.local/lib/python3.8/site-packages/airflow/operators/python.py", line 200, in execute
    return_value = self.execute_callable()
  File "/home/airflow/.local/lib/python3.8/site-packages/airflow/operators/python.py", line 217, in execute_callable
    return self.python_callable(*self.op_args, **self.op_kwargs)
  File "/opt/airflow/dags/refresh_token.py", line 74, in get_simple_data
    entries = response.json()["entries"]
KeyError: 'entries'
[2024-04-14T02:45:08.296+0000] {taskinstance.py:1149} INFO - Marking task as UP_FOR_RETRY. dag_id=token_refresher_50mins, task_id=get_simple_data, execution_date=20240413T114000, start_date=20240414T024508, end_date=20240414T024508
[2024-04-14T02:45:08.301+0000] {standard_task_runner.py:107} ERROR - Failed to execute job 218 for task get_simple_data ('entries'; 1237)
[2024-04-14T02:45:08.311+0000] {local_task_job_runner.py:234} INFO - Task exited with return code 1
[2024-04-14T02:45:08.319+0000] {taskinstance.py:3312} INFO - 0 downstream tasks scheduled from follow-on schedule check
[2024-04-14T02:46:26.762+0000] {taskinstance.py:1979} INFO - Dependencies all met for dep_context=non-requeueable deps ti=<TaskInstance: token_refresher_50mins.get_simple_data scheduled__2024-04-13T11:40:00+00:00 [queued]>
[2024-04-14T02:46:26.768+0000] {taskinstance.py:1979} INFO - Dependencies all met for dep_context=requeueable deps ti=<TaskInstance: token_refresher_50mins.get_simple_data scheduled__2024-04-13T11:40:00+00:00 [queued]>
[2024-04-14T02:46:26.769+0000] {taskinstance.py:2193} INFO - Starting attempt 1 of 2
[2024-04-14T02:46:26.791+0000] {taskinstance.py:2217} INFO - Executing <Task(PythonOperator): get_simple_data> on 2024-04-13 11:40:00+00:00
[2024-04-14T02:46:26.801+0000] {standard_task_runner.py:60} INFO - Started process 1340 to run task
[2024-04-14T02:46:26.804+0000] {standard_task_runner.py:87} INFO - Running: ['***', 'tasks', 'run', 'token_refresher_50mins', 'get_simple_data', 'scheduled__2024-04-13T11:40:00+00:00', '--job-id', '256', '--raw', '--subdir', 'DAGS_FOLDER/refresh_token.py', '--cfg-path', '/tmp/tmpu3miu3yc']
[2024-04-14T02:46:26.808+0000] {standard_task_runner.py:88} INFO - Job 256: Subtask get_simple_data
[2024-04-14T02:46:26.857+0000] {task_command.py:423} INFO - Running <TaskInstance: token_refresher_50mins.get_simple_data scheduled__2024-04-13T11:40:00+00:00 [running]> on host 209a9ac884b0
[2024-04-14T02:46:26.926+0000] {taskinstance.py:2513} INFO - Exporting env vars: AIRFLOW_CTX_DAG_OWNER='***' AIRFLOW_CTX_DAG_ID='token_refresher_50mins' AIRFLOW_CTX_TASK_ID='get_simple_data' AIRFLOW_CTX_EXECUTION_DATE='2024-04-13T11:40:00+00:00' AIRFLOW_CTX_TRY_NUMBER='1' AIRFLOW_CTX_DAG_RUN_ID='scheduled__2024-04-13T11:40:00+00:00'
[2024-04-14T02:46:26.938+0000] {refresh_token.py:77} INFO - token: BQCbODmPs_3XfDB3etPVt7d5VNMmZeOssjWsrpceKDSsraMHByH7LIaGLpDzcoc93f0Bm8_srCJie_Le6pCL6PG00CDiy7GvAPgHm_8IpKZzGSSTog4
[2024-04-14T02:46:26.939+0000] {python.py:202} INFO - Done. Returned value was: None
[2024-04-14T02:46:26.946+0000] {taskinstance.py:1149} INFO - Marking task as SUCCESS. dag_id=token_refresher_50mins, task_id=get_simple_data, execution_date=20240413T114000, start_date=20240414T024626, end_date=20240414T024626
[2024-04-14T02:46:26.992+0000] {local_task_job_runner.py:234} INFO - Task exited with return code 0
[2024-04-14T02:46:27.013+0000] {taskinstance.py:3312} INFO - 0 downstream tasks scheduled from follow-on schedule check
