[2024-04-14T02:45:07.141+0000] {taskinstance.py:1979} INFO - Dependencies all met for dep_context=non-requeueable deps ti=<TaskInstance: token_refresher_50mins.get_simple_data scheduled__2024-04-13T06:40:00+00:00 [queued]>
[2024-04-14T02:45:07.147+0000] {taskinstance.py:1979} INFO - Dependencies all met for dep_context=requeueable deps ti=<TaskInstance: token_refresher_50mins.get_simple_data scheduled__2024-04-13T06:40:00+00:00 [queued]>
[2024-04-14T02:45:07.148+0000] {taskinstance.py:2193} INFO - Starting attempt 1 of 2
[2024-04-14T02:45:07.156+0000] {taskinstance.py:2217} INFO - Executing <Task(PythonOperator): get_simple_data> on 2024-04-13 06:40:00+00:00
[2024-04-14T02:45:07.159+0000] {standard_task_runner.py:60} INFO - Started process 1216 to run task
[2024-04-14T02:45:07.161+0000] {standard_task_runner.py:87} INFO - Running: ['***', 'tasks', 'run', 'token_refresher_50mins', 'get_simple_data', 'scheduled__2024-04-13T06:40:00+00:00', '--job-id', '206', '--raw', '--subdir', 'DAGS_FOLDER/refresh_token.py', '--cfg-path', '/tmp/tmpiko_terq']
[2024-04-14T02:45:07.166+0000] {standard_task_runner.py:88} INFO - Job 206: Subtask get_simple_data
[2024-04-14T02:45:07.207+0000] {task_command.py:423} INFO - Running <TaskInstance: token_refresher_50mins.get_simple_data scheduled__2024-04-13T06:40:00+00:00 [running]> on host 209a9ac884b0
[2024-04-14T02:45:07.266+0000] {taskinstance.py:2513} INFO - Exporting env vars: AIRFLOW_CTX_DAG_OWNER='***' AIRFLOW_CTX_DAG_ID='token_refresher_50mins' AIRFLOW_CTX_TASK_ID='get_simple_data' AIRFLOW_CTX_EXECUTION_DATE='2024-04-13T06:40:00+00:00' AIRFLOW_CTX_TRY_NUMBER='1' AIRFLOW_CTX_DAG_RUN_ID='scheduled__2024-04-13T06:40:00+00:00'
[2024-04-14T02:45:07.328+0000] {taskinstance.py:2731} ERROR - Task failed with exception
Traceback (most recent call last):
  File "/home/airflow/.local/lib/python3.8/site-packages/airflow/models/taskinstance.py", line 444, in _execute_task
    result = _execute_callable(context=context, **execute_callable_kwargs)
  File "/home/airflow/.local/lib/python3.8/site-packages/airflow/models/taskinstance.py", line 414, in _execute_callable
    return execute_callable(context=context, **execute_callable_kwargs)
  File "/home/airflow/.local/lib/python3.8/site-packages/airflow/operators/python.py", line 200, in execute
    return_value = self.execute_callable()
  File "/home/airflow/.local/lib/python3.8/site-packages/airflow/operators/python.py", line 217, in execute_callable
    return self.python_callable(*self.op_args, **self.op_kwargs)
  File "/opt/airflow/dags/refresh_token.py", line 74, in get_simple_data
    entries = response.json()["entries"]
KeyError: 'entries'
[2024-04-14T02:45:07.334+0000] {taskinstance.py:1149} INFO - Marking task as UP_FOR_RETRY. dag_id=token_refresher_50mins, task_id=get_simple_data, execution_date=20240413T064000, start_date=20240414T024507, end_date=20240414T024507
[2024-04-14T02:45:07.347+0000] {standard_task_runner.py:107} ERROR - Failed to execute job 206 for task get_simple_data ('entries'; 1216)
[2024-04-14T02:45:07.390+0000] {local_task_job_runner.py:234} INFO - Task exited with return code 1
[2024-04-14T02:45:07.409+0000] {taskinstance.py:3312} INFO - 0 downstream tasks scheduled from follow-on schedule check
[2024-04-14T02:46:23.599+0000] {taskinstance.py:1979} INFO - Dependencies all met for dep_context=non-requeueable deps ti=<TaskInstance: token_refresher_50mins.get_simple_data scheduled__2024-04-13T06:40:00+00:00 [queued]>
[2024-04-14T02:46:23.605+0000] {taskinstance.py:1979} INFO - Dependencies all met for dep_context=requeueable deps ti=<TaskInstance: token_refresher_50mins.get_simple_data scheduled__2024-04-13T06:40:00+00:00 [queued]>
[2024-04-14T02:46:23.605+0000] {taskinstance.py:2193} INFO - Starting attempt 1 of 2
[2024-04-14T02:46:23.617+0000] {taskinstance.py:2217} INFO - Executing <Task(PythonOperator): get_simple_data> on 2024-04-13 06:40:00+00:00
[2024-04-14T02:46:23.622+0000] {standard_task_runner.py:60} INFO - Started process 1309 to run task
[2024-04-14T02:46:23.627+0000] {standard_task_runner.py:87} INFO - Running: ['***', 'tasks', 'run', 'token_refresher_50mins', 'get_simple_data', 'scheduled__2024-04-13T06:40:00+00:00', '--job-id', '241', '--raw', '--subdir', 'DAGS_FOLDER/refresh_token.py', '--cfg-path', '/tmp/tmpq8pzkae2']
[2024-04-14T02:46:23.629+0000] {standard_task_runner.py:88} INFO - Job 241: Subtask get_simple_data
[2024-04-14T02:46:23.743+0000] {task_command.py:423} INFO - Running <TaskInstance: token_refresher_50mins.get_simple_data scheduled__2024-04-13T06:40:00+00:00 [running]> on host 209a9ac884b0
[2024-04-14T02:46:23.928+0000] {taskinstance.py:2513} INFO - Exporting env vars: AIRFLOW_CTX_DAG_OWNER='***' AIRFLOW_CTX_DAG_ID='token_refresher_50mins' AIRFLOW_CTX_TASK_ID='get_simple_data' AIRFLOW_CTX_EXECUTION_DATE='2024-04-13T06:40:00+00:00' AIRFLOW_CTX_TRY_NUMBER='1' AIRFLOW_CTX_DAG_RUN_ID='scheduled__2024-04-13T06:40:00+00:00'
[2024-04-14T02:46:23.949+0000] {refresh_token.py:77} INFO - token: BQAwCwlnEVDnWzuWwiFC-2jN_1i7QnHyBm0RsqEjrERhERAPB7JpqW_RL8d_Hs7WdoHeEq1MxcGkVkeSK76kt0IujE6QaDtBRozChCgC2NUA8GcM0v0
[2024-04-14T02:46:23.952+0000] {python.py:202} INFO - Done. Returned value was: None
[2024-04-14T02:46:23.969+0000] {taskinstance.py:1149} INFO - Marking task as SUCCESS. dag_id=token_refresher_50mins, task_id=get_simple_data, execution_date=20240413T064000, start_date=20240414T024623, end_date=20240414T024623
[2024-04-14T02:46:24.034+0000] {local_task_job_runner.py:234} INFO - Task exited with return code 0
[2024-04-14T02:46:24.055+0000] {taskinstance.py:3312} INFO - 0 downstream tasks scheduled from follow-on schedule check
