[2024-04-14T02:45:09.302+0000] {taskinstance.py:1979} INFO - Dependencies all met for dep_context=non-requeueable deps ti=<TaskInstance: token_refresher_50mins.get_simple_data scheduled__2024-04-13T12:30:00+00:00 [queued]>
[2024-04-14T02:45:09.306+0000] {taskinstance.py:1979} INFO - Dependencies all met for dep_context=requeueable deps ti=<TaskInstance: token_refresher_50mins.get_simple_data scheduled__2024-04-13T12:30:00+00:00 [queued]>
[2024-04-14T02:45:09.306+0000] {taskinstance.py:2193} INFO - Starting attempt 1 of 2
[2024-04-14T02:45:09.311+0000] {taskinstance.py:2217} INFO - Executing <Task(PythonOperator): get_simple_data> on 2024-04-13 12:30:00+00:00
[2024-04-14T02:45:09.313+0000] {standard_task_runner.py:60} INFO - Started process 1239 to run task
[2024-04-14T02:45:09.314+0000] {standard_task_runner.py:87} INFO - Running: ['***', 'tasks', 'run', 'token_refresher_50mins', 'get_simple_data', 'scheduled__2024-04-13T12:30:00+00:00', '--job-id', '219', '--raw', '--subdir', 'DAGS_FOLDER/refresh_token.py', '--cfg-path', '/tmp/tmpa5c1qeys']
[2024-04-14T02:45:09.315+0000] {standard_task_runner.py:88} INFO - Job 219: Subtask get_simple_data
[2024-04-14T02:45:09.333+0000] {task_command.py:423} INFO - Running <TaskInstance: token_refresher_50mins.get_simple_data scheduled__2024-04-13T12:30:00+00:00 [running]> on host 209a9ac884b0
[2024-04-14T02:45:09.357+0000] {taskinstance.py:2513} INFO - Exporting env vars: AIRFLOW_CTX_DAG_OWNER='***' AIRFLOW_CTX_DAG_ID='token_refresher_50mins' AIRFLOW_CTX_TASK_ID='get_simple_data' AIRFLOW_CTX_EXECUTION_DATE='2024-04-13T12:30:00+00:00' AIRFLOW_CTX_TRY_NUMBER='1' AIRFLOW_CTX_DAG_RUN_ID='scheduled__2024-04-13T12:30:00+00:00'
[2024-04-14T02:45:09.410+0000] {taskinstance.py:2731} ERROR - Task failed with exception
Traceback (most recent call last):
  File "/home/airflow/.local/lib/python3.8/site-packages/airflow/models/taskinstance.py", line 444, in _execute_task
    result = _execute_callable(context=context, **execute_callable_kwargs)
  File "/home/airflow/.local/lib/python3.8/site-packages/airflow/models/taskinstance.py", line 414, in _execute_callable
    return execute_callable(context=context, **execute_callable_kwargs)
  File "/home/airflow/.local/lib/python3.8/site-packages/airflow/operators/python.py", line 200, in execute
    return_value = self.execute_callable()
  File "/home/airflow/.local/lib/python3.8/site-packages/airflow/operators/python.py", line 217, in execute_callable
    return self.python_callable(*self.op_args, **self.op_kwargs)
  File "/opt/airflow/dags/refresh_token.py", line 74, in get_simple_data
    entries = response.json()["entries"]
KeyError: 'entries'
[2024-04-14T02:45:09.414+0000] {taskinstance.py:1149} INFO - Marking task as UP_FOR_RETRY. dag_id=token_refresher_50mins, task_id=get_simple_data, execution_date=20240413T123000, start_date=20240414T024509, end_date=20240414T024509
[2024-04-14T02:45:09.418+0000] {standard_task_runner.py:107} ERROR - Failed to execute job 219 for task get_simple_data ('entries'; 1239)
[2024-04-14T02:45:09.456+0000] {local_task_job_runner.py:234} INFO - Task exited with return code 1
[2024-04-14T02:45:09.464+0000] {taskinstance.py:3312} INFO - 0 downstream tasks scheduled from follow-on schedule check
[2024-04-14T02:46:26.985+0000] {taskinstance.py:1979} INFO - Dependencies all met for dep_context=non-requeueable deps ti=<TaskInstance: token_refresher_50mins.get_simple_data scheduled__2024-04-13T12:30:00+00:00 [queued]>
[2024-04-14T02:46:26.996+0000] {taskinstance.py:1979} INFO - Dependencies all met for dep_context=requeueable deps ti=<TaskInstance: token_refresher_50mins.get_simple_data scheduled__2024-04-13T12:30:00+00:00 [queued]>
[2024-04-14T02:46:26.997+0000] {taskinstance.py:2193} INFO - Starting attempt 1 of 2
[2024-04-14T02:46:27.008+0000] {taskinstance.py:2217} INFO - Executing <Task(PythonOperator): get_simple_data> on 2024-04-13 12:30:00+00:00
[2024-04-14T02:46:27.014+0000] {standard_task_runner.py:60} INFO - Started process 1346 to run task
[2024-04-14T02:46:27.020+0000] {standard_task_runner.py:87} INFO - Running: ['***', 'tasks', 'run', 'token_refresher_50mins', 'get_simple_data', 'scheduled__2024-04-13T12:30:00+00:00', '--job-id', '259', '--raw', '--subdir', 'DAGS_FOLDER/refresh_token.py', '--cfg-path', '/tmp/tmpqsrshtgn']
[2024-04-14T02:46:27.023+0000] {standard_task_runner.py:88} INFO - Job 259: Subtask get_simple_data
[2024-04-14T02:46:27.084+0000] {task_command.py:423} INFO - Running <TaskInstance: token_refresher_50mins.get_simple_data scheduled__2024-04-13T12:30:00+00:00 [running]> on host 209a9ac884b0
[2024-04-14T02:46:27.147+0000] {taskinstance.py:2513} INFO - Exporting env vars: AIRFLOW_CTX_DAG_OWNER='***' AIRFLOW_CTX_DAG_ID='token_refresher_50mins' AIRFLOW_CTX_TASK_ID='get_simple_data' AIRFLOW_CTX_EXECUTION_DATE='2024-04-13T12:30:00+00:00' AIRFLOW_CTX_TRY_NUMBER='1' AIRFLOW_CTX_DAG_RUN_ID='scheduled__2024-04-13T12:30:00+00:00'
[2024-04-14T02:46:27.157+0000] {refresh_token.py:77} INFO - token: BQCaegv8NRscFud94gtpOzly7tQ8E3IuB4kYh3O9DqLPLpUqdPQOjcOWkwZksoSpd0s5x9L9_HT4HVHiYOJamc3y31-WnyNzuz9fl5drs6KGvzoRhig
[2024-04-14T02:46:27.159+0000] {python.py:202} INFO - Done. Returned value was: None
[2024-04-14T02:46:27.169+0000] {taskinstance.py:1149} INFO - Marking task as SUCCESS. dag_id=token_refresher_50mins, task_id=get_simple_data, execution_date=20240413T123000, start_date=20240414T024626, end_date=20240414T024627
[2024-04-14T02:46:27.203+0000] {local_task_job_runner.py:234} INFO - Task exited with return code 0
[2024-04-14T02:46:27.225+0000] {taskinstance.py:3312} INFO - 0 downstream tasks scheduled from follow-on schedule check
