[2024-04-14T02:45:06.218+0000] {taskinstance.py:1979} INFO - Dependencies all met for dep_context=non-requeueable deps ti=<TaskInstance: token_refresher_50mins.get_simple_data scheduled__2024-04-13T00:50:00+00:00 [queued]>
[2024-04-14T02:45:06.224+0000] {taskinstance.py:1979} INFO - Dependencies all met for dep_context=requeueable deps ti=<TaskInstance: token_refresher_50mins.get_simple_data scheduled__2024-04-13T00:50:00+00:00 [queued]>
[2024-04-14T02:45:06.225+0000] {taskinstance.py:2193} INFO - Starting attempt 1 of 2
[2024-04-14T02:45:06.231+0000] {taskinstance.py:2217} INFO - Executing <Task(PythonOperator): get_simple_data> on 2024-04-13 00:50:00+00:00
[2024-04-14T02:45:06.236+0000] {standard_task_runner.py:60} INFO - Started process 1196 to run task
[2024-04-14T02:45:06.239+0000] {standard_task_runner.py:87} INFO - Running: ['***', 'tasks', 'run', 'token_refresher_50mins', 'get_simple_data', 'scheduled__2024-04-13T00:50:00+00:00', '--job-id', '197', '--raw', '--subdir', 'DAGS_FOLDER/refresh_token.py', '--cfg-path', '/tmp/tmpwmym9ty8']
[2024-04-14T02:45:06.240+0000] {standard_task_runner.py:88} INFO - Job 197: Subtask get_simple_data
[2024-04-14T02:45:06.297+0000] {task_command.py:423} INFO - Running <TaskInstance: token_refresher_50mins.get_simple_data scheduled__2024-04-13T00:50:00+00:00 [running]> on host 209a9ac884b0
[2024-04-14T02:45:06.404+0000] {taskinstance.py:2513} INFO - Exporting env vars: AIRFLOW_CTX_DAG_OWNER='***' AIRFLOW_CTX_DAG_ID='token_refresher_50mins' AIRFLOW_CTX_TASK_ID='get_simple_data' AIRFLOW_CTX_EXECUTION_DATE='2024-04-13T00:50:00+00:00' AIRFLOW_CTX_TRY_NUMBER='1' AIRFLOW_CTX_DAG_RUN_ID='scheduled__2024-04-13T00:50:00+00:00'
[2024-04-14T02:45:06.504+0000] {taskinstance.py:2731} ERROR - Task failed with exception
Traceback (most recent call last):
  File "/home/airflow/.local/lib/python3.8/site-packages/airflow/models/taskinstance.py", line 444, in _execute_task
    result = _execute_callable(context=context, **execute_callable_kwargs)
  File "/home/airflow/.local/lib/python3.8/site-packages/airflow/models/taskinstance.py", line 414, in _execute_callable
    return execute_callable(context=context, **execute_callable_kwargs)
  File "/home/airflow/.local/lib/python3.8/site-packages/airflow/operators/python.py", line 200, in execute
    return_value = self.execute_callable()
  File "/home/airflow/.local/lib/python3.8/site-packages/airflow/operators/python.py", line 217, in execute_callable
    return self.python_callable(*self.op_args, **self.op_kwargs)
  File "/opt/airflow/dags/refresh_token.py", line 74, in get_simple_data
    entries = response.json()["entries"]
KeyError: 'entries'
[2024-04-14T02:45:06.529+0000] {taskinstance.py:1149} INFO - Marking task as UP_FOR_RETRY. dag_id=token_refresher_50mins, task_id=get_simple_data, execution_date=20240413T005000, start_date=20240414T024506, end_date=20240414T024506
[2024-04-14T02:45:06.545+0000] {standard_task_runner.py:107} ERROR - Failed to execute job 197 for task get_simple_data ('entries'; 1196)
[2024-04-14T02:45:06.585+0000] {local_task_job_runner.py:234} INFO - Task exited with return code 1
[2024-04-14T02:45:06.703+0000] {taskinstance.py:3312} INFO - 0 downstream tasks scheduled from follow-on schedule check
[2024-04-14T02:46:21.616+0000] {taskinstance.py:1979} INFO - Dependencies all met for dep_context=non-requeueable deps ti=<TaskInstance: token_refresher_50mins.get_simple_data scheduled__2024-04-13T00:50:00+00:00 [queued]>
[2024-04-14T02:46:21.636+0000] {taskinstance.py:1979} INFO - Dependencies all met for dep_context=requeueable deps ti=<TaskInstance: token_refresher_50mins.get_simple_data scheduled__2024-04-13T00:50:00+00:00 [queued]>
[2024-04-14T02:46:21.638+0000] {taskinstance.py:2193} INFO - Starting attempt 1 of 2
[2024-04-14T02:46:21.655+0000] {taskinstance.py:2217} INFO - Executing <Task(PythonOperator): get_simple_data> on 2024-04-13 00:50:00+00:00
[2024-04-14T02:46:21.663+0000] {standard_task_runner.py:60} INFO - Started process 1291 to run task
[2024-04-14T02:46:21.672+0000] {standard_task_runner.py:87} INFO - Running: ['***', 'tasks', 'run', 'token_refresher_50mins', 'get_simple_data', 'scheduled__2024-04-13T00:50:00+00:00', '--job-id', '231', '--raw', '--subdir', 'DAGS_FOLDER/refresh_token.py', '--cfg-path', '/tmp/tmpjf25ek3l']
[2024-04-14T02:46:21.675+0000] {standard_task_runner.py:88} INFO - Job 231: Subtask get_simple_data
[2024-04-14T02:46:21.724+0000] {task_command.py:423} INFO - Running <TaskInstance: token_refresher_50mins.get_simple_data scheduled__2024-04-13T00:50:00+00:00 [running]> on host 209a9ac884b0
[2024-04-14T02:46:21.801+0000] {taskinstance.py:2513} INFO - Exporting env vars: AIRFLOW_CTX_DAG_OWNER='***' AIRFLOW_CTX_DAG_ID='token_refresher_50mins' AIRFLOW_CTX_TASK_ID='get_simple_data' AIRFLOW_CTX_EXECUTION_DATE='2024-04-13T00:50:00+00:00' AIRFLOW_CTX_TRY_NUMBER='1' AIRFLOW_CTX_DAG_RUN_ID='scheduled__2024-04-13T00:50:00+00:00'
[2024-04-14T02:46:21.825+0000] {refresh_token.py:77} INFO - token: BQDBhduPuib9x7O01EAVbPu11Z41GPsvclY3-nyRQIJc_c0HCCmwgJ_IkECXAwgFmZHk2GjofIJuVZyXRhUtpgvVjleUKzEv5zS7rfX5IgM2KgqxvXY
[2024-04-14T02:46:21.827+0000] {python.py:202} INFO - Done. Returned value was: None
[2024-04-14T02:46:21.844+0000] {taskinstance.py:1149} INFO - Marking task as SUCCESS. dag_id=token_refresher_50mins, task_id=get_simple_data, execution_date=20240413T005000, start_date=20240414T024621, end_date=20240414T024621
[2024-04-14T02:46:21.903+0000] {local_task_job_runner.py:234} INFO - Task exited with return code 0
[2024-04-14T02:46:21.946+0000] {taskinstance.py:3312} INFO - 0 downstream tasks scheduled from follow-on schedule check
