[2024-04-14T02:45:07.814+0000] {taskinstance.py:1979} INFO - Dependencies all met for dep_context=non-requeueable deps ti=<TaskInstance: token_refresher_50mins.get_simple_data scheduled__2024-04-13T09:10:00+00:00 [queued]>
[2024-04-14T02:45:07.819+0000] {taskinstance.py:1979} INFO - Dependencies all met for dep_context=requeueable deps ti=<TaskInstance: token_refresher_50mins.get_simple_data scheduled__2024-04-13T09:10:00+00:00 [queued]>
[2024-04-14T02:45:07.819+0000] {taskinstance.py:2193} INFO - Starting attempt 1 of 2
[2024-04-14T02:45:07.828+0000] {taskinstance.py:2217} INFO - Executing <Task(PythonOperator): get_simple_data> on 2024-04-13 09:10:00+00:00
[2024-04-14T02:45:07.831+0000] {standard_task_runner.py:60} INFO - Started process 1233 to run task
[2024-04-14T02:45:07.833+0000] {standard_task_runner.py:87} INFO - Running: ['***', 'tasks', 'run', 'token_refresher_50mins', 'get_simple_data', 'scheduled__2024-04-13T09:10:00+00:00', '--job-id', '215', '--raw', '--subdir', 'DAGS_FOLDER/refresh_token.py', '--cfg-path', '/tmp/tmp7v804fck']
[2024-04-14T02:45:07.834+0000] {standard_task_runner.py:88} INFO - Job 215: Subtask get_simple_data
[2024-04-14T02:45:07.874+0000] {task_command.py:423} INFO - Running <TaskInstance: token_refresher_50mins.get_simple_data scheduled__2024-04-13T09:10:00+00:00 [running]> on host 209a9ac884b0
[2024-04-14T02:45:07.928+0000] {taskinstance.py:2513} INFO - Exporting env vars: AIRFLOW_CTX_DAG_OWNER='***' AIRFLOW_CTX_DAG_ID='token_refresher_50mins' AIRFLOW_CTX_TASK_ID='get_simple_data' AIRFLOW_CTX_EXECUTION_DATE='2024-04-13T09:10:00+00:00' AIRFLOW_CTX_TRY_NUMBER='1' AIRFLOW_CTX_DAG_RUN_ID='scheduled__2024-04-13T09:10:00+00:00'
[2024-04-14T02:45:07.984+0000] {taskinstance.py:2731} ERROR - Task failed with exception
Traceback (most recent call last):
  File "/home/airflow/.local/lib/python3.8/site-packages/airflow/models/taskinstance.py", line 444, in _execute_task
    result = _execute_callable(context=context, **execute_callable_kwargs)
  File "/home/airflow/.local/lib/python3.8/site-packages/airflow/models/taskinstance.py", line 414, in _execute_callable
    return execute_callable(context=context, **execute_callable_kwargs)
  File "/home/airflow/.local/lib/python3.8/site-packages/airflow/operators/python.py", line 200, in execute
    return_value = self.execute_callable()
  File "/home/airflow/.local/lib/python3.8/site-packages/airflow/operators/python.py", line 217, in execute_callable
    return self.python_callable(*self.op_args, **self.op_kwargs)
  File "/opt/airflow/dags/refresh_token.py", line 74, in get_simple_data
    entries = response.json()["entries"]
KeyError: 'entries'
[2024-04-14T02:45:07.991+0000] {taskinstance.py:1149} INFO - Marking task as UP_FOR_RETRY. dag_id=token_refresher_50mins, task_id=get_simple_data, execution_date=20240413T091000, start_date=20240414T024507, end_date=20240414T024507
[2024-04-14T02:45:08.003+0000] {standard_task_runner.py:107} ERROR - Failed to execute job 215 for task get_simple_data ('entries'; 1233)
[2024-04-14T02:45:08.013+0000] {local_task_job_runner.py:234} INFO - Task exited with return code 1
[2024-04-14T02:45:08.082+0000] {taskinstance.py:3312} INFO - 0 downstream tasks scheduled from follow-on schedule check
[2024-04-14T02:46:26.452+0000] {taskinstance.py:1979} INFO - Dependencies all met for dep_context=non-requeueable deps ti=<TaskInstance: token_refresher_50mins.get_simple_data scheduled__2024-04-13T09:10:00+00:00 [queued]>
[2024-04-14T02:46:26.457+0000] {taskinstance.py:1979} INFO - Dependencies all met for dep_context=requeueable deps ti=<TaskInstance: token_refresher_50mins.get_simple_data scheduled__2024-04-13T09:10:00+00:00 [queued]>
[2024-04-14T02:46:26.458+0000] {taskinstance.py:2193} INFO - Starting attempt 1 of 2
[2024-04-14T02:46:26.471+0000] {taskinstance.py:2217} INFO - Executing <Task(PythonOperator): get_simple_data> on 2024-04-13 09:10:00+00:00
[2024-04-14T02:46:26.475+0000] {standard_task_runner.py:60} INFO - Started process 1334 to run task
[2024-04-14T02:46:26.478+0000] {standard_task_runner.py:87} INFO - Running: ['***', 'tasks', 'run', 'token_refresher_50mins', 'get_simple_data', 'scheduled__2024-04-13T09:10:00+00:00', '--job-id', '253', '--raw', '--subdir', 'DAGS_FOLDER/refresh_token.py', '--cfg-path', '/tmp/tmpda_wf1qk']
[2024-04-14T02:46:26.479+0000] {standard_task_runner.py:88} INFO - Job 253: Subtask get_simple_data
[2024-04-14T02:46:26.541+0000] {task_command.py:423} INFO - Running <TaskInstance: token_refresher_50mins.get_simple_data scheduled__2024-04-13T09:10:00+00:00 [running]> on host 209a9ac884b0
[2024-04-14T02:46:26.610+0000] {taskinstance.py:2513} INFO - Exporting env vars: AIRFLOW_CTX_DAG_OWNER='***' AIRFLOW_CTX_DAG_ID='token_refresher_50mins' AIRFLOW_CTX_TASK_ID='get_simple_data' AIRFLOW_CTX_EXECUTION_DATE='2024-04-13T09:10:00+00:00' AIRFLOW_CTX_TRY_NUMBER='1' AIRFLOW_CTX_DAG_RUN_ID='scheduled__2024-04-13T09:10:00+00:00'
[2024-04-14T02:46:26.620+0000] {refresh_token.py:77} INFO - token: BQB6CDIbA2TpZJ1vgge3jv2TeD8bkrysY2-hw9-9SPAEN1rPQtSZgewyUsYmiVYAkCFIt7LYhY9BIU5LryxghoAPi5MvWVt0Ss2oUHVK5xnarHFriSI
[2024-04-14T02:46:26.625+0000] {python.py:202} INFO - Done. Returned value was: None
[2024-04-14T02:46:26.634+0000] {taskinstance.py:1149} INFO - Marking task as SUCCESS. dag_id=token_refresher_50mins, task_id=get_simple_data, execution_date=20240413T091000, start_date=20240414T024626, end_date=20240414T024626
[2024-04-14T02:46:26.662+0000] {local_task_job_runner.py:234} INFO - Task exited with return code 0
[2024-04-14T02:46:26.705+0000] {taskinstance.py:3312} INFO - 0 downstream tasks scheduled from follow-on schedule check
