[2024-04-14T02:45:07.136+0000] {taskinstance.py:1979} INFO - Dependencies all met for dep_context=non-requeueable deps ti=<TaskInstance: token_refresher_50mins.get_simple_data scheduled__2024-04-13T05:50:00+00:00 [queued]>
[2024-04-14T02:45:07.144+0000] {taskinstance.py:1979} INFO - Dependencies all met for dep_context=requeueable deps ti=<TaskInstance: token_refresher_50mins.get_simple_data scheduled__2024-04-13T05:50:00+00:00 [queued]>
[2024-04-14T02:45:07.145+0000] {taskinstance.py:2193} INFO - Starting attempt 1 of 2
[2024-04-14T02:45:07.155+0000] {taskinstance.py:2217} INFO - Executing <Task(PythonOperator): get_simple_data> on 2024-04-13 05:50:00+00:00
[2024-04-14T02:45:07.160+0000] {standard_task_runner.py:60} INFO - Started process 1217 to run task
[2024-04-14T02:45:07.163+0000] {standard_task_runner.py:87} INFO - Running: ['***', 'tasks', 'run', 'token_refresher_50mins', 'get_simple_data', 'scheduled__2024-04-13T05:50:00+00:00', '--job-id', '208', '--raw', '--subdir', 'DAGS_FOLDER/refresh_token.py', '--cfg-path', '/tmp/tmptvz6s7k0']
[2024-04-14T02:45:07.170+0000] {standard_task_runner.py:88} INFO - Job 208: Subtask get_simple_data
[2024-04-14T02:45:07.214+0000] {task_command.py:423} INFO - Running <TaskInstance: token_refresher_50mins.get_simple_data scheduled__2024-04-13T05:50:00+00:00 [running]> on host 209a9ac884b0
[2024-04-14T02:45:07.270+0000] {taskinstance.py:2513} INFO - Exporting env vars: AIRFLOW_CTX_DAG_OWNER='***' AIRFLOW_CTX_DAG_ID='token_refresher_50mins' AIRFLOW_CTX_TASK_ID='get_simple_data' AIRFLOW_CTX_EXECUTION_DATE='2024-04-13T05:50:00+00:00' AIRFLOW_CTX_TRY_NUMBER='1' AIRFLOW_CTX_DAG_RUN_ID='scheduled__2024-04-13T05:50:00+00:00'
[2024-04-14T02:45:07.329+0000] {taskinstance.py:2731} ERROR - Task failed with exception
Traceback (most recent call last):
  File "/home/airflow/.local/lib/python3.8/site-packages/airflow/models/taskinstance.py", line 444, in _execute_task
    result = _execute_callable(context=context, **execute_callable_kwargs)
  File "/home/airflow/.local/lib/python3.8/site-packages/airflow/models/taskinstance.py", line 414, in _execute_callable
    return execute_callable(context=context, **execute_callable_kwargs)
  File "/home/airflow/.local/lib/python3.8/site-packages/airflow/operators/python.py", line 200, in execute
    return_value = self.execute_callable()
  File "/home/airflow/.local/lib/python3.8/site-packages/airflow/operators/python.py", line 217, in execute_callable
    return self.python_callable(*self.op_args, **self.op_kwargs)
  File "/opt/airflow/dags/refresh_token.py", line 74, in get_simple_data
    entries = response.json()["entries"]
KeyError: 'entries'
[2024-04-14T02:45:07.334+0000] {taskinstance.py:1149} INFO - Marking task as UP_FOR_RETRY. dag_id=token_refresher_50mins, task_id=get_simple_data, execution_date=20240413T055000, start_date=20240414T024507, end_date=20240414T024507
[2024-04-14T02:45:07.344+0000] {standard_task_runner.py:107} ERROR - Failed to execute job 208 for task get_simple_data ('entries'; 1217)
[2024-04-14T02:45:07.388+0000] {local_task_job_runner.py:234} INFO - Task exited with return code 1
[2024-04-14T02:45:07.402+0000] {taskinstance.py:3312} INFO - 0 downstream tasks scheduled from follow-on schedule check
[2024-04-14T02:46:22.532+0000] {taskinstance.py:1979} INFO - Dependencies all met for dep_context=non-requeueable deps ti=<TaskInstance: token_refresher_50mins.get_simple_data scheduled__2024-04-13T05:50:00+00:00 [queued]>
[2024-04-14T02:46:22.544+0000] {taskinstance.py:1979} INFO - Dependencies all met for dep_context=requeueable deps ti=<TaskInstance: token_refresher_50mins.get_simple_data scheduled__2024-04-13T05:50:00+00:00 [queued]>
[2024-04-14T02:46:22.545+0000] {taskinstance.py:2193} INFO - Starting attempt 1 of 2
[2024-04-14T02:46:22.559+0000] {taskinstance.py:2217} INFO - Executing <Task(PythonOperator): get_simple_data> on 2024-04-13 05:50:00+00:00
[2024-04-14T02:46:22.563+0000] {standard_task_runner.py:60} INFO - Started process 1304 to run task
[2024-04-14T02:46:22.567+0000] {standard_task_runner.py:87} INFO - Running: ['***', 'tasks', 'run', 'token_refresher_50mins', 'get_simple_data', 'scheduled__2024-04-13T05:50:00+00:00', '--job-id', '240', '--raw', '--subdir', 'DAGS_FOLDER/refresh_token.py', '--cfg-path', '/tmp/tmps880db0k']
[2024-04-14T02:46:22.569+0000] {standard_task_runner.py:88} INFO - Job 240: Subtask get_simple_data
[2024-04-14T02:46:22.618+0000] {task_command.py:423} INFO - Running <TaskInstance: token_refresher_50mins.get_simple_data scheduled__2024-04-13T05:50:00+00:00 [running]> on host 209a9ac884b0
[2024-04-14T02:46:22.668+0000] {taskinstance.py:2513} INFO - Exporting env vars: AIRFLOW_CTX_DAG_OWNER='***' AIRFLOW_CTX_DAG_ID='token_refresher_50mins' AIRFLOW_CTX_TASK_ID='get_simple_data' AIRFLOW_CTX_EXECUTION_DATE='2024-04-13T05:50:00+00:00' AIRFLOW_CTX_TRY_NUMBER='1' AIRFLOW_CTX_DAG_RUN_ID='scheduled__2024-04-13T05:50:00+00:00'
[2024-04-14T02:46:22.676+0000] {refresh_token.py:77} INFO - token: BQBoe6UL8xslYp45IyvNgy9injIhOO9qAdY6F6Ld5fyuck4O0DA9NCGPJzI6e4Mvb3DULHfKCZQHtcCsaRUKZD-hHZ4oFQi8SvPatIF68evT70RiL1A
[2024-04-14T02:46:22.676+0000] {python.py:202} INFO - Done. Returned value was: None
[2024-04-14T02:46:22.681+0000] {taskinstance.py:1149} INFO - Marking task as SUCCESS. dag_id=token_refresher_50mins, task_id=get_simple_data, execution_date=20240413T055000, start_date=20240414T024622, end_date=20240414T024622
[2024-04-14T02:46:22.706+0000] {local_task_job_runner.py:234} INFO - Task exited with return code 0
[2024-04-14T02:46:22.721+0000] {taskinstance.py:3312} INFO - 0 downstream tasks scheduled from follow-on schedule check
